[12:10:46] [main/INFO]: Using mbed TLS based native cipher.
[12:10:46] [main/INFO]: Using zlib based native compressor.
[12:10:46] [main/INFO]: Enabled Waterfall version git:Waterfall-Bootstrap:1.20-R0.3-SNAPSHOT:c5fd43a:565
[12:10:46] [main/INFO]: Not on Windows, attempting to use enhanced EpollEventLoop
[12:10:46] [main/INFO]: Epoll is working, utilising it!
[12:10:46] [main/INFO]: Discovered module: ModuleSpec(name=cmd_alert, file=modules/cmd_alert.jar, provider=JenkinsModuleSource())
[12:10:46] [main/INFO]: Discovered module: ModuleSpec(name=cmd_find, file=modules/cmd_find.jar, provider=JenkinsModuleSource())
[12:10:46] [main/INFO]: Discovered module: ModuleSpec(name=cmd_list, file=modules/cmd_list.jar, provider=JenkinsModuleSource())
[12:10:46] [main/INFO]: Discovered module: ModuleSpec(name=cmd_send, file=modules/cmd_send.jar, provider=JenkinsModuleSource())
[12:10:46] [main/INFO]: Discovered module: ModuleSpec(name=cmd_server, file=modules/cmd_server.jar, provider=JenkinsModuleSource())
[12:10:46] [main/INFO]: Discovered module: ModuleSpec(name=reconnect_yaml, file=modules/reconnect_yaml.jar, provider=JenkinsModuleSource())
[12:10:46] [main/INFO]: Loaded plugin reconnect_yaml version git:reconnect_yaml:1.20-R0.3-SNAPSHOT:c5fd43a:565 by WaterfallMC
[12:10:46] [main/INFO]: Loaded plugin cmd_find version git:cmd_find:1.20-R0.3-SNAPSHOT:c5fd43a:565 by WaterfallMC
[12:10:46] [main/INFO]: Loaded plugin cmd_server version git:cmd_server:1.20-R0.3-SNAPSHOT:c5fd43a:565 by WaterfallMC
[12:10:46] [main/INFO]: Loaded plugin cmd_alert version git:cmd_alert:1.20-R0.3-SNAPSHOT:c5fd43a:565 by WaterfallMC
[12:10:46] [main/INFO]: Loaded plugin cmd_send version git:cmd_send:1.20-R0.3-SNAPSHOT:c5fd43a:565 by WaterfallMC
[12:10:46] [main/INFO]: Loaded plugin cmd_list version git:cmd_list:1.20-R0.3-SNAPSHOT:c5fd43a:565 by WaterfallMC
[12:10:46] [main/WARN]: :>:>:>:>:>:>:>:>:>:>:>:>:>:>:>:>:>:>:>:>:>:>:>
[12:10:46] [main/WARN]: :>  
[12:10:46] [main/WARN]: :>      EAGLERCRAFTXBUNGEE WARNING:
[12:10:46] [main/WARN]: :>  
[12:10:46] [main/WARN]: :>  This plugin wasn't tested to be 'working'
[12:10:46] [main/WARN]: :>  with ANY version of BungeeCord (and forks)
[12:10:46] [main/WARN]: :>  apart from the versions listed below:
[12:10:46] [main/WARN]: :>  
[12:10:46] [main/WARN]: :>  - BungeeCord: 1.20-R0.3-SNAPSHOT:eda268b:1797
[12:10:46] [main/WARN]: :>  - Waterfall: 1.20-R0.2-SNAPSHOT:92b5149:562
[12:10:46] [main/WARN]: :>  - FlameCord: 1.1.1
[12:10:46] [main/WARN]: :>  
[12:10:46] [main/WARN]: :>  This is not a Bukkit/Spigot plugin!
[12:10:46] [main/WARN]: :>  
[12:10:46] [main/WARN]: :>  Use "-Deaglerxbungee.stfu=true" to hide
[12:10:46] [main/WARN]: :>  
[12:10:46] [main/WARN]: :>:>:>:>:>:>:>:>:>:>:>:>:>:>:>:>:>:>:>:>:>:>:>
[12:10:46] [main/INFO] [EaglercraftXBungee]: Loading vanilla profile: Adolf_Hitlerr
[12:10:48] [Skin Download Thread #1/INFO] [EaglercraftXBungee]: Loaded vanilla profile: Adolf_Hitlerr
[12:10:48] [main/INFO]: Loaded plugin EaglercraftXBungee version 1.0.10 by lax1dude
[12:10:48] [main/WARN]: Forced host server pvp is not defined
[12:10:48] [main/INFO]: Enabled plugin reconnect_yaml version git:reconnect_yaml:1.20-R0.3-SNAPSHOT:c5fd43a:565 by WaterfallMC
[12:10:48] [main/INFO]: Enabled plugin cmd_find version git:cmd_find:1.20-R0.3-SNAPSHOT:c5fd43a:565 by WaterfallMC
[12:10:48] [main/INFO]: Enabled plugin cmd_server version git:cmd_server:1.20-R0.3-SNAPSHOT:c5fd43a:565 by WaterfallMC
[12:10:48] [main/INFO]: Enabled plugin cmd_alert version git:cmd_alert:1.20-R0.3-SNAPSHOT:c5fd43a:565 by WaterfallMC
[12:10:48] [main/INFO]: Enabled plugin cmd_send version git:cmd_send:1.20-R0.3-SNAPSHOT:c5fd43a:565 by WaterfallMC
[12:10:48] [main/INFO]: Enabled plugin cmd_list version git:cmd_list:1.20-R0.3-SNAPSHOT:c5fd43a:565 by WaterfallMC
[12:10:48] [Netty Worker IO Thread #0/INFO] [EaglercraftXBungee]: Eaglercraft is listening on: /0.0.0.0:8081
[12:10:48] [main/INFO] [EaglercraftXBungee]: Connected to database: jdbc:sqlite:eaglercraft_skins_cache.db
[12:10:48] [main/INFO]: Enabled plugin EaglercraftXBungee version 1.0.10 by lax1dude
[12:10:48] [Netty Boss IO Thread #0/INFO]: Listening on /0.0.0.0:25577
[12:10:48] [EaglerXBungee: Network Tick Tasks/INFO] [EaglercraftXBungee]: Loaded certificate: /workspace/EaglerProx/plugins/EaglercraftXBungee/eagcert/$dl.24a1bafc15c675276968d78cdcb55a04992bddb0.cert
[12:10:53] [Shutdown Thread/INFO]: Closing listener [id: 0x671c63e1, L:/0:0:0:0:0:0:0:0%0:25577]
[12:10:53] [Shutdown Thread/INFO]: Closing pending connections
[12:10:53] [Shutdown Thread/INFO]: Disconnecting 0 connections
[12:10:54] [Shutdown Thread/INFO]: Saving reconnect locations
[12:10:54] [Shutdown Thread/INFO]: Disabling plugins
[12:10:54] [Shutdown Thread/INFO] [EaglercraftXBungee]: Eaglercraft listener closed: /0.0.0.0:8081
[12:10:54] [Shutdown Thread/INFO] [EaglercraftXBungee]: Successfully disconnected from database 'jdbc:sqlite:eaglercraft_skins_cache.db'
[12:10:54] [Shutdown Thread/INFO] [EaglercraftXBungee]: Stopping skin cache HTTP client...
[12:10:56] [Shutdown Thread/INFO]: Closing IO threads
[12:10:58] [Shutdown Thread/INFO]: Thank you and goodbye
